2020-07-16 17:02:04.843 [main-826] ERROR org.springframework.boot.SpringApplication 826 reportFailure - Application run failed java.lang.IllegalStateException: Failed to load property source from location 'classpath:/application.yml'
	at org.springframework.boot.context.config.ConfigFileApplicationListener$Loader.load(ConfigFileApplicationListener.java:545) ~[spring-boot-2.2.6.RELEASE.jar:2.2.6.RELEASE]
	at org.springframework.boot.context.config.ConfigFileApplicationListener$Loader.loadForFileExtension(ConfigFileApplicationListener.java:494) ~[spring-boot-2.2.6.RELEASE.jar:2.2.6.RELEASE]
	at org.springframework.boot.context.config.ConfigFileApplicationListener$Loader.load(ConfigFileApplicationListener.java:464) ~[spring-boot-2.2.6.RELEASE.jar:2.2.6.RELEASE]
	at org.springframework.boot.context.config.ConfigFileApplicationListener$Loader.lambda$null$7(ConfigFileApplicationListener.java:443) ~[spring-boot-2.2.6.RELEASE.jar:2.2.6.RELEASE]
	at java.lang.Iterable.forEach(Iterable.java:75) ~[?:1.8.0_211]
	at org.springframework.boot.context.config.ConfigFileApplicationListener$Loader.lambda$load$8(ConfigFileApplicationListener.java:443) ~[spring-boot-2.2.6.RELEASE.jar:2.2.6.RELEASE]
	at java.lang.Iterable.forEach(Iterable.java:75) ~[?:1.8.0_211]
	at org.springframework.boot.context.config.ConfigFileApplicationListener$Loader.load(ConfigFileApplicationListener.java:440) ~[spring-boot-2.2.6.RELEASE.jar:2.2.6.RELEASE]
	at org.springframework.boot.context.config.ConfigFileApplicationListener$Loader.lambda$load$0(ConfigFileApplicationListener.java:335) ~[spring-boot-2.2.6.RELEASE.jar:2.2.6.RELEASE]
	at org.springframework.boot.context.config.FilteredPropertySource.apply(FilteredPropertySource.java:54) ~[spring-boot-2.2.6.RELEASE.jar:2.2.6.RELEASE]
	at org.springframework.boot.context.config.ConfigFileApplicationListener$Loader.load(ConfigFileApplicationListener.java:323) ~[spring-boot-2.2.6.RELEASE.jar:2.2.6.RELEASE]
	at org.springframework.boot.context.config.ConfigFileApplicationListener.addPropertySources(ConfigFileApplicationListener.java:214) ~[spring-boot-2.2.6.RELEASE.jar:2.2.6.RELEASE]
	at org.springframework.boot.context.config.ConfigFileApplicationListener.postProcessEnvironment(ConfigFileApplicationListener.java:198) ~[spring-boot-2.2.6.RELEASE.jar:2.2.6.RELEASE]
	at org.springframework.boot.context.config.ConfigFileApplicationListener.onApplicationEnvironmentPreparedEvent(ConfigFileApplicationListener.java:188) ~[spring-boot-2.2.6.RELEASE.jar:2.2.6.RELEASE]
	at org.springframework.boot.context.config.ConfigFileApplicationListener.onApplicationEvent(ConfigFileApplicationListener.java:176) ~[spring-boot-2.2.6.RELEASE.jar:2.2.6.RELEASE]
	at org.springframework.context.event.SimpleApplicationEventMulticaster.doInvokeListener(SimpleApplicationEventMulticaster.java:172) ~[spring-context-5.2.5.RELEASE.jar:5.2.5.RELEASE]
	at org.springframework.context.event.SimpleApplicationEventMulticaster.invokeListener(SimpleApplicationEventMulticaster.java:165) ~[spring-context-5.2.5.RELEASE.jar:5.2.5.RELEASE]
	at org.springframework.context.event.SimpleApplicationEventMulticaster.multicastEvent(SimpleApplicationEventMulticaster.java:139) ~[spring-context-5.2.5.RELEASE.jar:5.2.5.RELEASE]
	at org.springframework.context.event.SimpleApplicationEventMulticaster.multicastEvent(SimpleApplicationEventMulticaster.java:127) ~[spring-context-5.2.5.RELEASE.jar:5.2.5.RELEASE]
	at org.springframework.boot.context.event.EventPublishingRunListener.environmentPrepared(EventPublishingRunListener.java:76) ~[spring-boot-2.2.6.RELEASE.jar:2.2.6.RELEASE]
	at org.springframework.boot.SpringApplicationRunListeners.environmentPrepared(SpringApplicationRunListeners.java:53) ~[spring-boot-2.2.6.RELEASE.jar:2.2.6.RELEASE]
	at org.springframework.boot.SpringApplication.prepareEnvironment(SpringApplication.java:345) [spring-boot-2.2.6.RELEASE.jar:2.2.6.RELEASE]
	at org.springframework.boot.SpringApplication.run(SpringApplication.java:308) [spring-boot-2.2.6.RELEASE.jar:2.2.6.RELEASE]
	at org.springframework.boot.SpringApplication.run(SpringApplication.java:1226) [spring-boot-2.2.6.RELEASE.jar:2.2.6.RELEASE]
	at org.springframework.boot.SpringApplication.run(SpringApplication.java:1215) [spring-boot-2.2.6.RELEASE.jar:2.2.6.RELEASE]
	at com.framework.auth.AuthApplication.main(AuthApplication.java:10) [classes/:?]
Caused by: org.yaml.snakeyaml.constructor.DuplicateKeyException: while constructing a mapping
 in 'reader', line 1, column 1:
    server: 
    ^
found duplicate key spring
 in 'reader', line 57, column 1:
    spring:
    ^

	at org.yaml.snakeyaml.constructor.SafeConstructor.processDuplicateKeys(SafeConstructor.java:100) ~[snakeyaml-1.25.jar:?]
	at org.yaml.snakeyaml.constructor.SafeConstructor.flattenMapping(SafeConstructor.java:70) ~[snakeyaml-1.25.jar:?]
	at org.yaml.snakeyaml.constructor.SafeConstructor.constructMapping2ndStep(SafeConstructor.java:183) ~[snakeyaml-1.25.jar:?]
	at org.yaml.snakeyaml.constructor.BaseConstructor.constructMapping(BaseConstructor.java:446) ~[snakeyaml-1.25.jar:?]
	at org.yaml.snakeyaml.constructor.SafeConstructor$ConstructYamlMap.construct(SafeConstructor.java:521) ~[snakeyaml-1.25.jar:?]
	at org.yaml.snakeyaml.constructor.BaseConstructor.constructObjectNoCheck(BaseConstructor.java:216) ~[snakeyaml-1.25.jar:?]
	at org.yaml.snakeyaml.constructor.BaseConstructor.constructObject(BaseConstructor.java:205) ~[snakeyaml-1.25.jar:?]
	at org.springframework.boot.env.OriginTrackedYamlLoader$OriginTrackingConstructor.constructObject(OriginTrackedYamlLoader.java:94) ~[spring-boot-2.2.6.RELEASE.jar:2.2.6.RELEASE]
	at org.yaml.snakeyaml.constructor.BaseConstructor.constructDocument(BaseConstructor.java:164) ~[snakeyaml-1.25.jar:?]
	at org.yaml.snakeyaml.constructor.BaseConstructor.getData(BaseConstructor.java:129) ~[snakeyaml-1.25.jar:?]
	at org.yaml.snakeyaml.Yaml$1.next(Yaml.java:548) ~[snakeyaml-1.25.jar:?]
	at org.springframework.beans.factory.config.YamlProcessor.process(YamlProcessor.java:160) ~[spring-beans-5.2.5.RELEASE.jar:5.2.5.RELEASE]
	at org.springframework.beans.factory.config.YamlProcessor.process(YamlProcessor.java:134) ~[spring-beans-5.2.5.RELEASE.jar:5.2.5.RELEASE]
	at org.springframework.boot.env.OriginTrackedYamlLoader.load(OriginTrackedYamlLoader.java:75) ~[spring-boot-2.2.6.RELEASE.jar:2.2.6.RELEASE]
	at org.springframework.boot.env.YamlPropertySourceLoader.load(YamlPropertySourceLoader.java:50) ~[spring-boot-2.2.6.RELEASE.jar:2.2.6.RELEASE]
	at org.springframework.boot.context.config.ConfigFileApplicationListener$Loader.loadDocuments(ConfigFileApplicationListener.java:562) ~[spring-boot-2.2.6.RELEASE.jar:2.2.6.RELEASE]
	at org.springframework.boot.context.config.ConfigFileApplicationListener$Loader.load(ConfigFileApplicationListener.java:518) ~[spring-boot-2.2.6.RELEASE.jar:2.2.6.RELEASE]
	... 25 more

2020-07-16 17:03:01.835 [main-655] INFO  com.framework.auth.AuthApplication 655 logStartupProfileInfo - The following profiles are active: dev
2020-07-16 17:03:02.476 [main-249] INFO  org.springframework.data.repository.config.RepositoryConfigurationDelegate 249 multipleStoresDetected - Multiple Spring Data modules found, entering strict repository configuration mode!
2020-07-16 17:03:02.479 [main-127] INFO  org.springframework.data.repository.config.RepositoryConfigurationDelegate 127 registerRepositoriesIn - Bootstrapping Spring Data Redis repositories in DEFAULT mode.
2020-07-16 17:03:02.513 [main-187] INFO  org.springframework.data.repository.config.RepositoryConfigurationDelegate 187 registerRepositoriesIn - Finished Spring Data repository scanning in 20ms. Found 0 Redis repository interfaces.
2020-07-16 17:03:02.701 [main-295] INFO  org.springframework.cloud.context.scope.GenericScope 295 setSerializationId - BeanFactory id=c583e925-b18c-37a1-9d65-61eef2924bcf
2020-07-16 17:03:03.068 [main-92] INFO  org.springframework.boot.web.embedded.tomcat.TomcatWebServer 92 initialize - Tomcat initialized with port(s): 8080 (http)
2020-07-16 17:03:03.077 [main-173] INFO  org.apache.coyote.http11.Http11NioProtocol 173 log - Initializing ProtocolHandler ["http-nio-8080"]
2020-07-16 17:03:03.077 [main-173] INFO  org.apache.catalina.core.StandardService 173 log - Starting service [Tomcat]
2020-07-16 17:03:03.078 [main-173] INFO  org.apache.catalina.core.StandardEngine 173 log - Starting Servlet engine: [Apache Tomcat/9.0.33]
2020-07-16 17:03:03.164 [main-173] INFO  org.apache.catalina.core.ContainerBase.[Tomcat].[localhost].[/] 173 log - Initializing Spring embedded WebApplicationContext
2020-07-16 17:03:03.164 [main-284] INFO  org.springframework.web.context.ContextLoader 284 prepareWebApplicationContext - Root WebApplicationContext: initialization completed in 1311 ms
2020-07-16 17:03:05.320 [main-43] INFO  org.springframework.security.web.DefaultSecurityFilterChain 43 <init> - Creating filter chain: OrRequestMatcher [requestMatchers=[Ant [pattern='/oauth/token'], Ant [pattern='/oauth/token_key'], Ant [pattern='/oauth/check_token']]], [org.springframework.security.web.context.request.async.WebAsyncManagerIntegrationFilter@605c7a9e, org.springframework.security.web.context.SecurityContextPersistenceFilter@782ac148, org.springframework.security.web.header.HeaderWriterFilter@4586a8aa, org.springframework.security.web.authentication.logout.LogoutFilter@2ab9e43e, org.springframework.security.oauth2.provider.client.ClientCredentialsTokenEndpointFilter@35dcd032, org.springframework.security.web.authentication.www.BasicAuthenticationFilter@2ef041bb, org.springframework.security.web.savedrequest.RequestCacheAwareFilter@61d2f267, org.springframework.security.web.servletapi.SecurityContextHolderAwareRequestFilter@23c7cb18, org.springframework.security.web.authentication.AnonymousAuthenticationFilter@21c75084, org.springframework.security.web.session.SessionManagementFilter@54463380, org.springframework.security.web.access.ExceptionTranslationFilter@1d8e9d3e, org.springframework.security.web.access.intercept.FilterSecurityInterceptor@141aba65]
2020-07-16 17:03:05.324 [main-43] INFO  org.springframework.security.web.DefaultSecurityFilterChain 43 <init> - Creating filter chain: any request, [org.springframework.security.web.context.request.async.WebAsyncManagerIntegrationFilter@56c42964, org.springframework.security.web.context.SecurityContextPersistenceFilter@203765b2, org.springframework.security.web.header.HeaderWriterFilter@6d0114c0, org.springframework.security.web.authentication.logout.LogoutFilter@4b6b5352, com.framework.auth.filter.VerifyCodeFilter@2a8dd942, org.springframework.security.oauth2.server.resource.web.BearerTokenAuthenticationFilter@6aad919c, org.springframework.security.web.savedrequest.RequestCacheAwareFilter@7e050be1, org.springframework.security.web.servletapi.SecurityContextHolderAwareRequestFilter@1b47b7f5, org.springframework.security.web.session.SessionManagementFilter@40016ce1, org.springframework.security.web.access.ExceptionTranslationFilter@a9a8ec3, org.springframework.security.web.access.intercept.FilterSecurityInterceptor@2ae5bd34]
2020-07-16 17:03:05.578 [main-67] WARN  org.springframework.boot.autoconfigure.freemarker.FreeMarkerAutoConfiguration 67 checkTemplateLocationExists - Cannot find template location(s): [classpath:/templates/] (please add some templates, check your FreeMarker configuration, or set spring.freemarker.checkTemplateLocation=false)
2020-07-16 17:03:06.412 [main-58] INFO  org.springframework.boot.actuate.endpoint.web.EndpointLinksResolver 58 <init> - Exposing 2 endpoint(s) beneath base path '/actuator'
2020-07-16 17:03:06.445 [main-173] INFO  org.apache.coyote.http11.Http11NioProtocol 173 log - Starting ProtocolHandler ["http-nio-8080"]
2020-07-16 17:03:06.470 [main-204] INFO  org.springframework.boot.web.embedded.tomcat.TomcatWebServer 204 start - Tomcat started on port(s): 8080 (http) with context path ''
2020-07-16 17:03:07.299 [main-61] INFO  com.framework.auth.AuthApplication 61 logStarted - Started AuthApplication in 7.708 seconds (JVM running for 9.777)
2020-07-16 17:03:45.193 [http-nio-8080-exec-1-173] INFO  org.apache.catalina.core.ContainerBase.[Tomcat].[localhost].[/] 173 log - Initializing Spring DispatcherServlet 'dispatcherServlet'
2020-07-16 17:03:45.193 [http-nio-8080-exec-1-525] INFO  org.springframework.web.servlet.DispatcherServlet 525 initServletBean - Initializing Servlet 'dispatcherServlet'
2020-07-16 17:03:45.199 [http-nio-8080-exec-1-547] INFO  org.springframework.web.servlet.DispatcherServlet 547 initServletBean - Completed initialization in 6 ms
2020-07-16 17:06:55.952 [http-nio-8080-exec-6-92] INFO  com.framework.auth.filter.VerifyCodeFilter 92 attemptAuthentication - ------------VerifyCodeLoginAuthenticationFilter-----------------
2020-07-16 17:06:55.953 [http-nio-8080-exec-6-101] INFO  com.framework.auth.filter.VerifyCodeFilter 101 attemptAuthentication - request:verifyCode:null
2020-07-16 17:06:56.140 [http-nio-8080-exec-6-169] WARN  org.springframework.security.oauth2.provider.endpoint.TokenEndpoint 169 handleException - Handling error: InternalAuthenticationServiceException, Cannot pass null or empty values to constructor
2020-07-16 17:09:22.396 [main-655] INFO  com.framework.auth.AuthApplication 655 logStartupProfileInfo - The following profiles are active: dev
2020-07-16 17:09:23.003 [main-249] INFO  org.springframework.data.repository.config.RepositoryConfigurationDelegate 249 multipleStoresDetected - Multiple Spring Data modules found, entering strict repository configuration mode!
2020-07-16 17:09:23.006 [main-127] INFO  org.springframework.data.repository.config.RepositoryConfigurationDelegate 127 registerRepositoriesIn - Bootstrapping Spring Data Redis repositories in DEFAULT mode.
2020-07-16 17:09:23.037 [main-187] INFO  org.springframework.data.repository.config.RepositoryConfigurationDelegate 187 registerRepositoriesIn - Finished Spring Data repository scanning in 19ms. Found 0 Redis repository interfaces.
2020-07-16 17:09:23.214 [main-295] INFO  org.springframework.cloud.context.scope.GenericScope 295 setSerializationId - BeanFactory id=c583e925-b18c-37a1-9d65-61eef2924bcf
2020-07-16 17:09:23.549 [main-92] INFO  org.springframework.boot.web.embedded.tomcat.TomcatWebServer 92 initialize - Tomcat initialized with port(s): 8080 (http)
2020-07-16 17:09:23.557 [main-173] INFO  org.apache.coyote.http11.Http11NioProtocol 173 log - Initializing ProtocolHandler ["http-nio-8080"]
2020-07-16 17:09:23.558 [main-173] INFO  org.apache.catalina.core.StandardService 173 log - Starting service [Tomcat]
2020-07-16 17:09:23.558 [main-173] INFO  org.apache.catalina.core.StandardEngine 173 log - Starting Servlet engine: [Apache Tomcat/9.0.33]
2020-07-16 17:09:23.642 [main-173] INFO  org.apache.catalina.core.ContainerBase.[Tomcat].[localhost].[/] 173 log - Initializing Spring embedded WebApplicationContext
2020-07-16 17:09:23.643 [main-284] INFO  org.springframework.web.context.ContextLoader 284 prepareWebApplicationContext - Root WebApplicationContext: initialization completed in 1232 ms
2020-07-16 17:09:25.853 [main-43] INFO  org.springframework.security.web.DefaultSecurityFilterChain 43 <init> - Creating filter chain: OrRequestMatcher [requestMatchers=[Ant [pattern='/oauth/token'], Ant [pattern='/oauth/token_key'], Ant [pattern='/oauth/check_token']]], [org.springframework.security.web.context.request.async.WebAsyncManagerIntegrationFilter@211a9647, org.springframework.security.web.context.SecurityContextPersistenceFilter@64dfb31d, org.springframework.security.web.header.HeaderWriterFilter@6658f08a, org.springframework.security.web.authentication.logout.LogoutFilter@775f15fd, org.springframework.security.oauth2.provider.client.ClientCredentialsTokenEndpointFilter@37a67cf, org.springframework.security.web.authentication.www.BasicAuthenticationFilter@6aad919c, org.springframework.security.web.savedrequest.RequestCacheAwareFilter@17b6ad97, org.springframework.security.web.servletapi.SecurityContextHolderAwareRequestFilter@32dcfeea, org.springframework.security.web.authentication.AnonymousAuthenticationFilter@340c5fb6, org.springframework.security.web.session.SessionManagementFilter@35dcd032, org.springframework.security.web.access.ExceptionTranslationFilter@52ca0ad4, org.springframework.security.web.access.intercept.FilterSecurityInterceptor@3a3ad8e7]
2020-07-16 17:09:25.859 [main-43] INFO  org.springframework.security.web.DefaultSecurityFilterChain 43 <init> - Creating filter chain: any request, [org.springframework.security.web.context.request.async.WebAsyncManagerIntegrationFilter@21090c88, org.springframework.security.web.context.SecurityContextPersistenceFilter@4efb13f1, org.springframework.security.web.header.HeaderWriterFilter@3be80ece, org.springframework.security.web.authentication.logout.LogoutFilter@40f1aa95, com.framework.auth.filter.VerifyCodeFilter@7aa01bd9, org.springframework.security.oauth2.server.resource.web.BearerTokenAuthenticationFilter@1570cad0, org.springframework.security.web.savedrequest.RequestCacheAwareFilter@7bb4ed71, org.springframework.security.web.servletapi.SecurityContextHolderAwareRequestFilter@5112b7, org.springframework.security.web.session.SessionManagementFilter@60a01cb, org.springframework.security.web.access.ExceptionTranslationFilter@11148dc2, org.springframework.security.web.access.intercept.FilterSecurityInterceptor@13fe5bb7]
2020-07-16 17:09:26.103 [main-67] WARN  org.springframework.boot.autoconfigure.freemarker.FreeMarkerAutoConfiguration 67 checkTemplateLocationExists - Cannot find template location(s): [classpath:/templates/] (please add some templates, check your FreeMarker configuration, or set spring.freemarker.checkTemplateLocation=false)
2020-07-16 17:09:27.106 [main-58] INFO  org.springframework.boot.actuate.endpoint.web.EndpointLinksResolver 58 <init> - Exposing 2 endpoint(s) beneath base path '/actuator'
2020-07-16 17:09:27.148 [main-173] INFO  org.apache.coyote.http11.Http11NioProtocol 173 log - Starting ProtocolHandler ["http-nio-8080"]
2020-07-16 17:09:27.172 [main-204] INFO  org.springframework.boot.web.embedded.tomcat.TomcatWebServer 204 start - Tomcat started on port(s): 8080 (http) with context path ''
2020-07-16 17:09:28.157 [main-61] INFO  com.framework.auth.AuthApplication 61 logStarted - Started AuthApplication in 8.024 seconds (JVM running for 9.954)
2020-07-16 17:09:29.946 [http-nio-8080-exec-2-173] INFO  org.apache.catalina.core.ContainerBase.[Tomcat].[localhost].[/] 173 log - Initializing Spring DispatcherServlet 'dispatcherServlet'
2020-07-16 17:09:29.946 [http-nio-8080-exec-2-525] INFO  org.springframework.web.servlet.DispatcherServlet 525 initServletBean - Initializing Servlet 'dispatcherServlet'
2020-07-16 17:09:29.952 [http-nio-8080-exec-2-547] INFO  org.springframework.web.servlet.DispatcherServlet 547 initServletBean - Completed initialization in 6 ms
2020-07-16 17:09:30.083 [http-nio-8080-exec-2-92] INFO  com.framework.auth.filter.VerifyCodeFilter 92 attemptAuthentication - ------------VerifyCodeLoginAuthenticationFilter-----------------
2020-07-16 17:09:30.084 [http-nio-8080-exec-2-101] INFO  com.framework.auth.filter.VerifyCodeFilter 101 attemptAuthentication - request:verifyCode:null
2020-07-16 17:09:30.479 [http-nio-8080-exec-2-68] INFO  io.lettuce.core.EpollProvider 68 <clinit> - Starting without optional epoll library
2020-07-16 17:09:30.481 [http-nio-8080-exec-2-70] INFO  io.lettuce.core.KqueueProvider 70 <clinit> - Starting without optional kqueue library
2020-07-16 17:09:41.702 [http-nio-8080-exec-2-169] WARN  org.springframework.security.oauth2.provider.endpoint.TokenEndpoint 169 handleException - Handling error: PoolException, Could not get a resource from the pool; nested exception is io.lettuce.core.RedisConnectionException: Unable to connect to centos7docker:6379
2020-07-16 17:10:35.935 [main-655] INFO  com.framework.auth.AuthApplication 655 logStartupProfileInfo - The following profiles are active: dev
2020-07-16 17:10:36.536 [main-249] INFO  org.springframework.data.repository.config.RepositoryConfigurationDelegate 249 multipleStoresDetected - Multiple Spring Data modules found, entering strict repository configuration mode!
2020-07-16 17:10:36.540 [main-127] INFO  org.springframework.data.repository.config.RepositoryConfigurationDelegate 127 registerRepositoriesIn - Bootstrapping Spring Data Redis repositories in DEFAULT mode.
2020-07-16 17:10:36.569 [main-187] INFO  org.springframework.data.repository.config.RepositoryConfigurationDelegate 187 registerRepositoriesIn - Finished Spring Data repository scanning in 18ms. Found 0 Redis repository interfaces.
2020-07-16 17:10:36.752 [main-295] INFO  org.springframework.cloud.context.scope.GenericScope 295 setSerializationId - BeanFactory id=c583e925-b18c-37a1-9d65-61eef2924bcf
2020-07-16 17:10:46.335 [main-655] INFO  com.framework.auth.AuthApplication 655 logStartupProfileInfo - The following profiles are active: dev
2020-07-16 17:10:46.931 [main-249] INFO  org.springframework.data.repository.config.RepositoryConfigurationDelegate 249 multipleStoresDetected - Multiple Spring Data modules found, entering strict repository configuration mode!
2020-07-16 17:10:46.935 [main-127] INFO  org.springframework.data.repository.config.RepositoryConfigurationDelegate 127 registerRepositoriesIn - Bootstrapping Spring Data Redis repositories in DEFAULT mode.
2020-07-16 17:10:46.970 [main-187] INFO  org.springframework.data.repository.config.RepositoryConfigurationDelegate 187 registerRepositoriesIn - Finished Spring Data repository scanning in 20ms. Found 0 Redis repository interfaces.
2020-07-16 17:10:47.141 [main-295] INFO  org.springframework.cloud.context.scope.GenericScope 295 setSerializationId - BeanFactory id=c583e925-b18c-37a1-9d65-61eef2924bcf
2020-07-16 17:10:47.473 [main-92] INFO  org.springframework.boot.web.embedded.tomcat.TomcatWebServer 92 initialize - Tomcat initialized with port(s): 8080 (http)
2020-07-16 17:10:47.481 [main-173] INFO  org.apache.coyote.http11.Http11NioProtocol 173 log - Initializing ProtocolHandler ["http-nio-8080"]
2020-07-16 17:10:47.482 [main-173] INFO  org.apache.catalina.core.StandardService 173 log - Starting service [Tomcat]
2020-07-16 17:10:47.482 [main-173] INFO  org.apache.catalina.core.StandardEngine 173 log - Starting Servlet engine: [Apache Tomcat/9.0.33]
2020-07-16 17:10:47.575 [main-173] INFO  org.apache.catalina.core.ContainerBase.[Tomcat].[localhost].[/] 173 log - Initializing Spring embedded WebApplicationContext
2020-07-16 17:10:47.575 [main-284] INFO  org.springframework.web.context.ContextLoader 284 prepareWebApplicationContext - Root WebApplicationContext: initialization completed in 1226 ms
2020-07-16 17:10:49.841 [main-43] INFO  org.springframework.security.web.DefaultSecurityFilterChain 43 <init> - Creating filter chain: OrRequestMatcher [requestMatchers=[Ant [pattern='/oauth/token'], Ant [pattern='/oauth/token_key'], Ant [pattern='/oauth/check_token']]], [org.springframework.security.web.context.request.async.WebAsyncManagerIntegrationFilter@4cd7d5e1, org.springframework.security.web.context.SecurityContextPersistenceFilter@451816fd, org.springframework.security.web.header.HeaderWriterFilter@384472bf, org.springframework.security.web.authentication.logout.LogoutFilter@2fb082ff, org.springframework.security.oauth2.provider.client.ClientCredentialsTokenEndpointFilter@4586a8aa, org.springframework.security.web.authentication.www.BasicAuthenticationFilter@5f0677f3, org.springframework.security.web.savedrequest.RequestCacheAwareFilter@45cd8607, org.springframework.security.web.servletapi.SecurityContextHolderAwareRequestFilter@600bbf9e, org.springframework.security.web.authentication.AnonymousAuthenticationFilter@2ae3235e, org.springframework.security.web.session.SessionManagementFilter@3b8507df, org.springframework.security.web.access.ExceptionTranslationFilter@7185e611, org.springframework.security.web.access.intercept.FilterSecurityInterceptor@7e27f603]
2020-07-16 17:10:49.847 [main-43] INFO  org.springframework.security.web.DefaultSecurityFilterChain 43 <init> - Creating filter chain: any request, [org.springframework.security.web.context.request.async.WebAsyncManagerIntegrationFilter@9f9146d, org.springframework.security.web.context.SecurityContextPersistenceFilter@77ce88c4, org.springframework.security.web.header.HeaderWriterFilter@1552da16, org.springframework.security.web.authentication.logout.LogoutFilter@75839695, com.framework.auth.filter.VerifyCodeFilter@299b9851, org.springframework.security.oauth2.server.resource.web.BearerTokenAuthenticationFilter@1426370c, org.springframework.security.web.savedrequest.RequestCacheAwareFilter@11abd6c, org.springframework.security.web.servletapi.SecurityContextHolderAwareRequestFilter@29b5533, org.springframework.security.web.session.SessionManagementFilter@78318ac2, org.springframework.security.web.access.ExceptionTranslationFilter@106cd9c8, org.springframework.security.web.access.intercept.FilterSecurityInterceptor@2a6fb62f]
2020-07-16 17:10:50.091 [main-67] WARN  org.springframework.boot.autoconfigure.freemarker.FreeMarkerAutoConfiguration 67 checkTemplateLocationExists - Cannot find template location(s): [classpath:/templates/] (please add some templates, check your FreeMarker configuration, or set spring.freemarker.checkTemplateLocation=false)
2020-07-16 17:10:50.986 [main-58] INFO  org.springframework.boot.actuate.endpoint.web.EndpointLinksResolver 58 <init> - Exposing 2 endpoint(s) beneath base path '/actuator'
2020-07-16 17:10:51.012 [main-173] INFO  org.apache.coyote.http11.Http11NioProtocol 173 log - Starting ProtocolHandler ["http-nio-8080"]
2020-07-16 17:10:51.032 [main-204] INFO  org.springframework.boot.web.embedded.tomcat.TomcatWebServer 204 start - Tomcat started on port(s): 8080 (http) with context path ''
2020-07-16 17:10:51.882 [main-61] INFO  com.framework.auth.AuthApplication 61 logStarted - Started AuthApplication in 7.957 seconds (JVM running for 10.133)
2020-07-16 17:10:53.493 [http-nio-8080-exec-1-173] INFO  org.apache.catalina.core.ContainerBase.[Tomcat].[localhost].[/] 173 log - Initializing Spring DispatcherServlet 'dispatcherServlet'
2020-07-16 17:10:53.493 [http-nio-8080-exec-1-525] INFO  org.springframework.web.servlet.DispatcherServlet 525 initServletBean - Initializing Servlet 'dispatcherServlet'
2020-07-16 17:10:53.499 [http-nio-8080-exec-1-547] INFO  org.springframework.web.servlet.DispatcherServlet 547 initServletBean - Completed initialization in 6 ms
2020-07-16 17:10:53.640 [http-nio-8080-exec-1-92] INFO  com.framework.auth.filter.VerifyCodeFilter 92 attemptAuthentication - ------------VerifyCodeLoginAuthenticationFilter-----------------
2020-07-16 17:10:53.640 [http-nio-8080-exec-1-101] INFO  com.framework.auth.filter.VerifyCodeFilter 101 attemptAuthentication - request:verifyCode:null
2020-07-16 17:10:54.041 [http-nio-8080-exec-1-68] INFO  io.lettuce.core.EpollProvider 68 <clinit> - Starting without optional epoll library
2020-07-16 17:10:54.042 [http-nio-8080-exec-1-70] INFO  io.lettuce.core.KqueueProvider 70 <clinit> - Starting without optional kqueue library
2020-07-16 17:10:55.333 [http-nio-8080-exec-1-58] INFO  com.framework.auth.config.JwtTokenConfig 58 enhance - login user:SysUser(id=null, username=admin, password=$e0801$4SXqHim5Le7lHjl716EabkArFFreloNi2PAUJzXeQKFKD/Pt5w1EqtZuze5o8j45adPbPFflCW5I9jbcaNZNEg==$FoLKegAlFa568oZqIIBbUZ53v3MysbA9YS57m6CBke8=, name=null, sex=null, address=null, mobile=null, email=null, lastLoginTime=null, enable=null, type=null, openid=null)
2020-07-16 17:11:07.099 [http-nio-8080-exec-3-92] INFO  com.framework.auth.filter.VerifyCodeFilter 92 attemptAuthentication - ------------VerifyCodeLoginAuthenticationFilter-----------------
2020-07-16 17:11:07.100 [http-nio-8080-exec-3-101] INFO  com.framework.auth.filter.VerifyCodeFilter 101 attemptAuthentication - request:verifyCode:null
2020-07-16 17:11:07.101 [http-nio-8080-exec-3-57] INFO  com.framework.auth.service.impl.WxUserDetailsService 57 loadUserByUsername - 调用微信地址: https://api.weixin.qq.com/sns/jscode2session?grant_type=authorization_code&appid=xxxx&secret=xxxx&js_code=12345678 , 返回结果: {"openid": "12345678", "session_key":"asfrrsdgdfgf"}
2020-07-16 17:11:07.175 [http-nio-8080-exec-3-169] WARN  org.springframework.security.oauth2.provider.endpoint.TokenEndpoint 169 handleException - Handling error: InternalAuthenticationServiceException, Cannot pass null or empty values to constructor
2020-07-16 17:12:10.241 [main-655] INFO  com.framework.auth.AuthApplication 655 logStartupProfileInfo - The following profiles are active: dev
2020-07-16 17:12:10.836 [main-249] INFO  org.springframework.data.repository.config.RepositoryConfigurationDelegate 249 multipleStoresDetected - Multiple Spring Data modules found, entering strict repository configuration mode!
2020-07-16 17:12:10.840 [main-127] INFO  org.springframework.data.repository.config.RepositoryConfigurationDelegate 127 registerRepositoriesIn - Bootstrapping Spring Data Redis repositories in DEFAULT mode.
2020-07-16 17:12:10.870 [main-187] INFO  org.springframework.data.repository.config.RepositoryConfigurationDelegate 187 registerRepositoriesIn - Finished Spring Data repository scanning in 19ms. Found 0 Redis repository interfaces.
2020-07-16 17:12:11.046 [main-295] INFO  org.springframework.cloud.context.scope.GenericScope 295 setSerializationId - BeanFactory id=c583e925-b18c-37a1-9d65-61eef2924bcf
2020-07-16 17:12:11.374 [main-92] INFO  org.springframework.boot.web.embedded.tomcat.TomcatWebServer 92 initialize - Tomcat initialized with port(s): 8080 (http)
2020-07-16 17:12:11.382 [main-173] INFO  org.apache.coyote.http11.Http11NioProtocol 173 log - Initializing ProtocolHandler ["http-nio-8080"]
2020-07-16 17:12:11.382 [main-173] INFO  org.apache.catalina.core.StandardService 173 log - Starting service [Tomcat]
2020-07-16 17:12:11.383 [main-173] INFO  org.apache.catalina.core.StandardEngine 173 log - Starting Servlet engine: [Apache Tomcat/9.0.33]
2020-07-16 17:12:11.465 [main-173] INFO  org.apache.catalina.core.ContainerBase.[Tomcat].[localhost].[/] 173 log - Initializing Spring embedded WebApplicationContext
2020-07-16 17:12:11.466 [main-284] INFO  org.springframework.web.context.ContextLoader 284 prepareWebApplicationContext - Root WebApplicationContext: initialization completed in 1209 ms
2020-07-16 17:12:13.667 [main-43] INFO  org.springframework.security.web.DefaultSecurityFilterChain 43 <init> - Creating filter chain: OrRequestMatcher [requestMatchers=[Ant [pattern='/oauth/token'], Ant [pattern='/oauth/token_key'], Ant [pattern='/oauth/check_token']]], [org.springframework.security.web.context.request.async.WebAsyncManagerIntegrationFilter@46ea78f0, org.springframework.security.web.context.SecurityContextPersistenceFilter@223967ea, org.springframework.security.web.header.HeaderWriterFilter@6f07d414, org.springframework.security.web.authentication.logout.LogoutFilter@656ec00d, org.springframework.security.oauth2.provider.client.ClientCredentialsTokenEndpointFilter@5ed31735, org.springframework.security.web.authentication.www.BasicAuthenticationFilter@667797f, org.springframework.security.web.savedrequest.RequestCacheAwareFilter@5d7f1e59, org.springframework.security.web.servletapi.SecurityContextHolderAwareRequestFilter@559d19c, org.springframework.security.web.authentication.AnonymousAuthenticationFilter@5889fc44, org.springframework.security.web.session.SessionManagementFilter@40faff12, org.springframework.security.web.access.ExceptionTranslationFilter@1fcaea93, org.springframework.security.web.access.intercept.FilterSecurityInterceptor@5a06904]
2020-07-16 17:12:13.672 [main-43] INFO  org.springframework.security.web.DefaultSecurityFilterChain 43 <init> - Creating filter chain: any request, [org.springframework.security.web.context.request.async.WebAsyncManagerIntegrationFilter@3ba3f40d, org.springframework.security.web.context.SecurityContextPersistenceFilter@4438b862, org.springframework.security.web.header.HeaderWriterFilter@4522d793, org.springframework.security.web.authentication.logout.LogoutFilter@5cdf221a, com.framework.auth.filter.VerifyCodeFilter@24a0c58b, org.springframework.security.oauth2.server.resource.web.BearerTokenAuthenticationFilter@46b5f061, org.springframework.security.web.savedrequest.RequestCacheAwareFilter@17b6ad97, org.springframework.security.web.servletapi.SecurityContextHolderAwareRequestFilter@44fb6ebd, org.springframework.security.web.session.SessionManagementFilter@64dfb31d, org.springframework.security.web.access.ExceptionTranslationFilter@35dcd032, org.springframework.security.web.access.intercept.FilterSecurityInterceptor@78318ac2]
2020-07-16 17:12:13.921 [main-67] WARN  org.springframework.boot.autoconfigure.freemarker.FreeMarkerAutoConfiguration 67 checkTemplateLocationExists - Cannot find template location(s): [classpath:/templates/] (please add some templates, check your FreeMarker configuration, or set spring.freemarker.checkTemplateLocation=false)
2020-07-16 17:12:14.775 [main-58] INFO  org.springframework.boot.actuate.endpoint.web.EndpointLinksResolver 58 <init> - Exposing 2 endpoint(s) beneath base path '/actuator'
2020-07-16 17:12:14.802 [main-173] INFO  org.apache.coyote.http11.Http11NioProtocol 173 log - Starting ProtocolHandler ["http-nio-8080"]
2020-07-16 17:12:14.824 [main-204] INFO  org.springframework.boot.web.embedded.tomcat.TomcatWebServer 204 start - Tomcat started on port(s): 8080 (http) with context path ''
2020-07-16 17:12:15.695 [main-61] INFO  com.framework.auth.AuthApplication 61 logStarted - Started AuthApplication in 7.628 seconds (JVM running for 9.524)
2020-07-16 17:12:25.411 [http-nio-8080-exec-2-173] INFO  org.apache.catalina.core.ContainerBase.[Tomcat].[localhost].[/] 173 log - Initializing Spring DispatcherServlet 'dispatcherServlet'
2020-07-16 17:12:25.411 [http-nio-8080-exec-2-525] INFO  org.springframework.web.servlet.DispatcherServlet 525 initServletBean - Initializing Servlet 'dispatcherServlet'
2020-07-16 17:12:25.416 [http-nio-8080-exec-2-547] INFO  org.springframework.web.servlet.DispatcherServlet 547 initServletBean - Completed initialization in 5 ms
2020-07-16 17:12:25.549 [http-nio-8080-exec-2-92] INFO  com.framework.auth.filter.VerifyCodeFilter 92 attemptAuthentication - ------------VerifyCodeLoginAuthenticationFilter-----------------
2020-07-16 17:12:25.549 [http-nio-8080-exec-2-101] INFO  com.framework.auth.filter.VerifyCodeFilter 101 attemptAuthentication - request:verifyCode:null
2020-07-16 17:12:25.569 [http-nio-8080-exec-2-57] INFO  com.framework.auth.service.impl.WxUserDetailsService 57 loadUserByUsername - 调用微信地址: https://api.weixin.qq.com/sns/jscode2session?grant_type=authorization_code&appid=xxxx&secret=xxxx&js_code=12345678 , 返回结果: {"openid": "12345678", "session_key":"asfrrsdgdfgf"}
2020-07-16 17:12:25.900 [http-nio-8080-exec-2-68] INFO  io.lettuce.core.EpollProvider 68 <clinit> - Starting without optional epoll library
2020-07-16 17:12:25.902 [http-nio-8080-exec-2-70] INFO  io.lettuce.core.KqueueProvider 70 <clinit> - Starting without optional kqueue library
2020-07-16 17:12:27.127 [http-nio-8080-exec-2-58] INFO  com.framework.auth.config.JwtTokenConfig 58 enhance - login user:SysUser(id=null, username=3b598139c9b14f57b1f8e9cc6869293c, password=$e0801$foYdvK4iaTYEEP3B1cw2sx0k2ZzlaCh3VWB3yD9nuExljhJQVhzYyL1gal3kRdn4RKz3vQSXL8DtsHVR0bWBVQ==$5omvNo9vaQ55hzKdqKJD4vSmxlnoK4tjAQ0KrnVqBss=, name=null, sex=null, address=null, mobile=null, email=null, lastLoginTime=null, enable=null, type=2, openid=12345678)
